[2025-08-14 15:56:10] [info] Direct upload completed successfully to: wp-content/plugins/checkout-for-woocommerce/build/css/files/inter-latin-variable-wghtOnly-normal.woff2
[2025-08-14 15:56:10] [info] Direct upload completed successfully to: wp-content/plugins/checkout-for-woocommerce/build/css/files/inter-latin-ext-100-normal.woff2
[2025-08-14 15:56:11] [info] Direct upload completed successfully to: wp-content/plugins/checkout-for-woocommerce/build/css/files/inter-cyrillic-ext-200-normal.woff
[2025-08-14 15:56:11] [info] Direct upload completed successfully to: wp-content/plugins/checkout-for-woocommerce/build/css/files/inter-greek-ext-100-normal.woff
[2025-08-14 15:56:11] [info] Direct upload completed successfully to: wp-content/plugins/checkout-for-woocommerce/build/css/files/inter-latin-300-normal.woff
[2025-08-14 15:56:11] [info] Direct upload completed successfully to: wp-content/plugins/checkout-for-woocommerce/build/css/files/inter-cyrillic-ext-600-normal.woff
[2025-08-14 15:56:12] [info] Direct upload completed successfully to: wp-content/plugins/checkout-for-woocommerce/build/css/files/inter-greek-ext-100-normal.woff2
[2025-08-14 15:56:12] [info] Direct upload completed successfully to: wp-content/plugins/checkout-for-woocommerce/build/css/files/inter-latin-ext-900-normal.woff2
[2025-08-14 15:56:12] [info] Direct upload completed successfully to: wp-content/plugins/checkout-for-woocommerce/build/css/files/inter-greek-ext-800-normal.woff2
[2025-08-14 15:56:13] [info] Direct upload completed successfully to: wp-content/plugins/checkout-for-woocommerce/build/css/files/inter-vietnamese-200-normal.woff2
[2025-08-14 15:56:13] [info] Direct upload completed successfully to: wp-content/plugins/checkout-for-woocommerce/build/css/files/inter-all-100-normal.woff
[2025-08-14 15:56:13] [info] Direct upload completed successfully to: wp-content/plugins/checkout-for-woocommerce/build/css/files/inter-greek-100-normal.woff2
[2025-08-14 15:56:13] [info] Direct upload completed successfully to: wp-content/plugins/checkout-for-woocommerce/build/css/files/inter-vietnamese-700-normal.woff2
[2025-08-14 15:56:14] [info] Direct upload completed successfully to: wp-content/plugins/checkout-for-woocommerce/build/css/files/inter-latin-600-normal.woff
[2025-08-14 15:56:14] [info] Direct upload completed successfully to: wp-content/plugins/checkout-for-woocommerce/build/css/files/inter-latin-500-normal.woff
[2025-08-14 15:56:14] [info] Direct upload completed successfully to: wp-content/plugins/checkout-for-woocommerce/build/css/files/inter-cyrillic-400-normal.woff2
[2025-08-14 15:56:15] [info] Direct upload completed successfully to: wp-content/plugins/checkout-for-woocommerce/build/css/files/inter-cyrillic-ext-800-normal.woff
[2025-08-14 15:56:15] [info] Direct upload completed successfully to: wp-content/plugins/checkout-for-woocommerce/build/css/files/inter-greek-ext-800-normal.woff
[2025-08-14 15:56:15] [info] Direct upload completed successfully to: wp-content/plugins/checkout-for-woocommerce/build/css/files/inter-cyrillic-900-normal.woff2
[2025-08-14 15:56:15] [info] Direct upload completed successfully to: wp-content/plugins/checkout-for-woocommerce/build/css/files/inter-latin-600-normal.woff2
[2025-08-14 15:56:16] [info] Direct upload completed successfully to: wp-content/plugins/checkout-for-woocommerce/build/css/files/inter-latin-ext-400-normal.woff2
[2025-08-14 15:56:16] [info] Direct upload completed successfully to: wp-content/plugins/checkout-for-woocommerce/build/css/files/inter-latin-ext-200-normal.woff2
[2025-08-14 15:56:16] [info] Direct upload completed successfully to: wp-content/plugins/checkout-for-woocommerce/build/css/files/inter-latin-ext-600-normal.woff
[2025-08-14 15:56:17] [info] Direct upload completed successfully to: wp-content/plugins/checkout-for-woocommerce/build/css/files/inter-latin-ext-900-normal.woff
[2025-08-14 15:56:17] [info] Direct upload completed successfully to: wp-content/plugins/checkout-for-woocommerce/build/css/files/inter-latin-ext-500-normal.woff2
[2025-08-14 15:56:17] [info] Direct upload completed successfully to: wp-content/plugins/checkout-for-woocommerce/build/css/files/inter-latin-800-normal.woff
[2025-08-14 15:56:18] [info] Direct upload completed successfully to: wp-content/plugins/checkout-for-woocommerce/build/css/files/inter-all-700-normal.woff
[2025-08-14 15:56:18] [info] Direct upload completed successfully to: wp-content/plugins/checkout-for-woocommerce/build/css/files/inter-vietnamese-variable-full-normal.woff2
[2025-08-14 15:56:18] [info] Direct upload completed successfully to: wp-content/plugins/checkout-for-woocommerce/build/css/files/inter-latin-100-normal.woff
[2025-08-14 15:56:18] [info] Direct upload completed successfully to: wp-content/plugins/checkout-for-woocommerce/build/css/files/inter-cyrillic-500-normal.woff
[2025-08-14 15:56:19] [info] Direct upload completed successfully to: wp-content/plugins/checkout-for-woocommerce/build/css/files/inter-latin-400-normal.woff2
[2025-08-14 15:56:19] [info] Direct upload completed successfully to: wp-content/plugins/checkout-for-woocommerce/build/css/files/inter-latin-300-normal.woff2
[2025-08-14 15:56:19] [info] Direct upload completed successfully to: wp-content/plugins/checkout-for-woocommerce/build/css/files/inter-greek-200-normal.woff
[2025-08-14 15:56:20] [info] Direct upload completed successfully to: wp-content/plugins/checkout-for-woocommerce/build/css/files/inter-latin-ext-800-normal.woff2
[2025-08-14 15:56:20] [info] Direct upload completed successfully to: wp-content/plugins/checkout-for-woocommerce/build/css/files/inter-latin-200-normal.woff2
[2025-08-14 15:56:20] [info] Direct upload completed successfully to: wp-content/plugins/checkout-for-woocommerce/build/css/files/inter-latin-variable-full-normal.woff2
[2025-08-14 15:56:20] [info] Direct upload completed successfully to: wp-content/plugins/checkout-for-woocommerce/build/css/files/inter-greek-800-normal.woff
[2025-08-14 15:56:21] [info] Direct upload completed successfully to: wp-content/plugins/checkout-for-woocommerce/build/css/files/inter-vietnamese-700-normal.woff
[2025-08-14 15:56:21] [info] Direct upload completed successfully to: wp-content/plugins/checkout-for-woocommerce/build/css/files/inter-greek-500-normal.woff
[2025-08-14 15:56:21] [info] Lote/Tempo concluído. Processados 50/274 (50 enviados, 0 pulados). Posição: 150. Reagendando...
[2025-08-14 15:56:22] [info] AsyncAws S3 client initialized successfully.
[2025-08-14 15:56:22] [info] Direct upload completed successfully to: wp-content/uploads/2021/07/key-job_NEW-150x112.jpg
[2025-08-14 15:56:22] [info] Thumbnails processed for attachment 27461. Result: 3 miniaturas
[2025-08-14 15:59:07] [info] AsyncAws S3 client initialized successfully.
[2025-08-14 15:59:07] [info] Direct upload completed successfully to: wp-content/uploads/2021/07/smart-button_NEW-300x248.jpg
[2025-08-14 15:59:08] [info] Direct upload completed successfully to: wp-content/uploads/2021/07/smart-button_NEW-150x116.jpg
[2025-08-14 15:59:08] [info] Thumbnails processed for attachment 27384. Result: 3 miniaturas
